# JRE version: OpenJDK Runtime Environment Corretto-17.0.4.9.1 (17.0.4.1+9) (build 17.0.4.1+9-LTS)
# Java VM: OpenJDK 64-Bit Server VM Corretto-17.0.4.9.1 (17.0.4.1+9-LTS, mixed mode, sharing, tiered, compressed oops, compressed class ptrs, g1 gc, windows-amd64)
GC Precious Log:
 CPUs: 8 total, 8 available
 Memory: 16259M
 Large Page Support: Disabled
 NUMA Support: Disabled
 Compressed Oops: Enabled (Zero based)
 Heap Region Size: 2M
 Heap Min Capacity: 8M
 Heap Initial Capacity: 256M
 Heap Max Capacity: 4066M
 Pre-touch: Disabled
 Parallel Workers: 8
 Concurrent Workers: 2
 Concurrent Refinement Workers: 8
 Periodic GC: Disabled
Heap:
 garbage-first heap   total 110592K, used 58647K [0x0000000701e00000, 0x0000000800000000)
  region size 2048K, 17 young (34816K), 1 survivors (2048K)
 Metaspace       used 66691K, committed 67200K, reserved 1114112K
  class space    used 8716K, committed 8960K, reserved 1048576K
GC Heap History (20 events):
Event: 214.110 GC heap before
{Heap before GC invocations=111 (full 0):
 garbage-first heap   total 110592K, used 91393K [0x0000000701e00000, 0x0000000800000000)
  region size 2048K, 32 young (65536K), 1 survivors (2048K)
 Metaspace       used 66667K, committed 67200K, reserved 1114112K
  class space    used 8716K, committed 8960K, reserved 1048576K
}
Event: 214.111 GC heap after
{Heap after GC invocations=112 (full 0):
 garbage-first heap   total 110592K, used 29941K [0x0000000701e00000, 0x0000000800000000)
  region size 2048K, 1 young (2048K), 1 survivors (2048K)
 Metaspace       used 66667K, committed 67200K, reserved 1114112K
  class space    used 8716K, committed 8960K, reserved 1048576K
}
Event: 215.329 GC heap before
{Heap before GC invocations=112 (full 0):
 garbage-first heap   total 110592K, used 91381K [0x0000000701e00000, 0x0000000800000000)
  region size 2048K, 32 young (65536K), 1 survivors (2048K)
 Metaspace       used 66667K, committed 67200K, reserved 1114112K
  class space    used 8716K, committed 8960K, reserved 1048576K
}
Event: 215.330 GC heap after
{Heap after GC invocations=113 (full 0):
 garbage-first heap   total 110592K, used 29963K [0x0000000701e00000, 0x0000000800000000)
  region size 2048K, 1 young (2048K), 1 survivors (2048K)
 Metaspace       used 66667K, committed 67200K, reserved 1114112K
  class space    used 8716K, committed 8960K, reserved 1048576K
}
Event: 216.569 GC heap before
{Heap before GC invocations=113 (full 0):
 garbage-first heap   total 110592K, used 91403K [0x0000000701e00000, 0x0000000800000000)
  region size 2048K, 32 young (65536K), 1 survivors (2048K)
 Metaspace       used 66672K, committed 67200K, reserved 1114112K
  class space    used 8716K, committed 8960K, reserved 1048576K
}
Event: 216.570 GC heap after
{Heap after GC invocations=114 (full 0):
 garbage-first heap   total 110592K, used 29961K [0x0000000701e00000, 0x0000000800000000)
  region size 2048K, 1 young (2048K), 1 survivors (2048K)
 Metaspace       used 66672K, committed 67200K, reserved 1114112K
  class space    used 8716K, committed 8960K, reserved 1048576K
}
Event: 217.836 GC heap before
{Heap before GC invocations=114 (full 0):
 garbage-first heap   total 110592K, used 91401K [0x0000000701e00000, 0x0000000800000000)
  region size 2048K, 32 young (65536K), 1 survivors (2048K)
 Metaspace       used 66672K, committed 67200K, reserved 1114112K
  class space    used 8716K, committed 8960K, reserved 1048576K
}
Event: 217.837 GC heap after
{Heap after GC invocations=115 (full 0):
 garbage-first heap   total 110592K, used 29965K [0x0000000701e00000, 0x0000000800000000)
  region size 2048K, 1 young (2048K), 1 survivors (2048K)
 Metaspace       used 66672K, committed 67200K, reserved 1114112K
  class space    used 8716K, committed 8960K, reserved 1048576K
}
Event: 219.362 GC heap before
{Heap before GC invocations=115 (full 0):
 garbage-first heap   total 110592K, used 91405K [0x0000000701e00000, 0x0000000800000000)
  region size 2048K, 32 young (65536K), 1 survivors (2048K)
 Metaspace       used 66672K, committed 67200K, reserved 1114112K
  class space    used 8716K, committed 8960K, reserved 1048576K
}
Event: 219.363 GC heap after
{Heap after GC invocations=116 (full 0):
 garbage-first heap   total 110592K, used 29963K [0x0000000701e00000, 0x0000000800000000)
  region size 2048K, 1 young (2048K), 1 survivors (2048K)
 Metaspace       used 66672K, committed 67200K, reserved 1114112K
  class space    used 8716K, committed 8960K, reserved 1048576K
}
Event: 220.517 GC heap before
{Heap before GC invocations=116 (full 0):
 garbage-first heap   total 110592K, used 91403K [0x0000000701e00000, 0x0000000800000000)
  region size 2048K, 32 young (65536K), 1 survivors (2048K)
 Metaspace       used 66672K, committed 67200K, reserved 1114112K
  class space    used 8716K, committed 8960K, reserved 1048576K
}
Event: 220.518 GC heap after
{Heap after GC invocations=117 (full 0):
 garbage-first heap   total 110592K, used 29975K [0x0000000701e00000, 0x0000000800000000)
  region size 2048K, 1 young (2048K), 1 survivors (2048K)
 Metaspace       used 66672K, committed 67200K, reserved 1114112K
  class space    used 8716K, committed 8960K, reserved 1048576K
}
Event: 221.686 GC heap before
{Heap before GC invocations=117 (full 0):
 garbage-first heap   total 110592K, used 91415K [0x0000000701e00000, 0x0000000800000000)
  region size 2048K, 32 young (65536K), 1 survivors (2048K)
 Metaspace       used 66672K, committed 67200K, reserved 1114112K
  class space    used 8716K, committed 8960K, reserved 1048576K
}
Event: 221.687 GC heap after
{Heap after GC invocations=118 (full 0):
 garbage-first heap   total 110592K, used 29947K [0x0000000701e00000, 0x0000000800000000)
  region size 2048K, 1 young (2048K), 1 survivors (2048K)
 Metaspace       used 66672K, committed 67200K, reserved 1114112K
  class space    used 8716K, committed 8960K, reserved 1048576K
}
Event: 223.199 GC heap before
{Heap before GC invocations=118 (full 0):
 garbage-first heap   total 110592K, used 91387K [0x0000000701e00000, 0x0000000800000000)
  region size 2048K, 32 young (65536K), 1 survivors (2048K)
 Metaspace       used 66672K, committed 67200K, reserved 1114112K
  class space    used 8716K, committed 8960K, reserved 1048576K
}
Event: 223.200 GC heap after
{Heap after GC invocations=119 (full 0):
 garbage-first heap   total 110592K, used 29965K [0x0000000701e00000, 0x0000000800000000)
  region size 2048K, 1 young (2048K), 1 survivors (2048K)
 Metaspace       used 66672K, committed 67200K, reserved 1114112K
  class space    used 8716K, committed 8960K, reserved 1048576K
}
Event: 224.571 GC heap before
{Heap before GC invocations=119 (full 0):
 garbage-first heap   total 110592K, used 91405K [0x0000000701e00000, 0x0000000800000000)
  region size 2048K, 32 young (65536K), 1 survivors (2048K)
 Metaspace       used 66672K, committed 67200K, reserved 1114112K
  class space    used 8716K, committed 8960K, reserved 1048576K
}
Event: 224.572 GC heap after
{Heap after GC invocations=120 (full 0):
 garbage-first heap   total 110592K, used 29975K [0x0000000701e00000, 0x0000000800000000)
  region size 2048K, 1 young (2048K), 1 survivors (2048K)
 Metaspace       used 66672K, committed 67200K, reserved 1114112K
  class space    used 8716K, committed 8960K, reserved 1048576K
}
Event: 225.729 GC heap before
{Heap before GC invocations=120 (full 0):
 garbage-first heap   total 110592K, used 91415K [0x0000000701e00000, 0x0000000800000000)
  region size 2048K, 32 young (65536K), 1 survivors (2048K)
 Metaspace       used 66672K, committed 67200K, reserved 1114112K
  class space    used 8716K, committed 8960K, reserved 1048576K
}
Event: 225.730 GC heap after
{Heap after GC invocations=121 (full 0):
 garbage-first heap   total 110592K, used 29975K [0x0000000701e00000, 0x0000000800000000)
  region size 2048K, 1 young (2048K), 1 survivors (2048K)
 Metaspace       used 66672K, committed 67200K, reserved 1114112K
  class space    used 8716K, committed 8960K, reserved 1048576K
}

