# JRE version: OpenJDK Runtime Environment Corretto-17.0.4.9.1 (17.0.4.1+9) (build 17.0.4.1+9-LTS)
# Java VM: OpenJDK 64-Bit Server VM Corretto-17.0.4.9.1 (17.0.4.1+9-LTS, mixed mode, sharing, tiered, compressed oops, compressed class ptrs, g1 gc, windows-amd64)
GC Precious Log:
 CPUs: 8 total, 8 available
 Memory: 16259M
 Large Page Support: Disabled
 NUMA Support: Disabled
 Compressed Oops: Enabled (Zero based)
 Heap Region Size: 2M
 Heap Min Capacity: 8M
 Heap Initial Capacity: 256M
 Heap Max Capacity: 4066M
 Pre-touch: Disabled
 Parallel Workers: 8
 Concurrent Workers: 2
 Concurrent Refinement Workers: 8
 Periodic GC: Disabled
Heap:
 garbage-first heap   total 102400K, used 53733K [0x0000000701e00000, 0x0000000800000000)
  region size 2048K, 15 young (30720K), 1 survivors (2048K)
 Metaspace       used 66915K, committed 67456K, reserved 1114112K
  class space    used 8764K, committed 9024K, reserved 1048576K
GC Heap History (20 events):
Event: 3769.778 GC heap before
{Heap before GC invocations=56 (full 0):
 garbage-first heap   total 102400K, used 84398K [0x0000000701e00000, 0x0000000800000000)
  region size 2048K, 29 young (59392K), 1 survivors (2048K)
 Metaspace       used 66904K, committed 67456K, reserved 1114112K
  class space    used 8763K, committed 9024K, reserved 1048576K
}
Event: 3769.778 GC heap after
{Heap after GC invocations=57 (full 0):
 garbage-first heap   total 102400K, used 29104K [0x0000000701e00000, 0x0000000800000000)
  region size 2048K, 1 young (2048K), 1 survivors (2048K)
 Metaspace       used 66904K, committed 67456K, reserved 1114112K
  class space    used 8763K, committed 9024K, reserved 1048576K
}
Event: 3770.881 GC heap before
{Heap before GC invocations=57 (full 0):
 garbage-first heap   total 102400K, used 84400K [0x0000000701e00000, 0x0000000800000000)
  region size 2048K, 29 young (59392K), 1 survivors (2048K)
 Metaspace       used 66905K, committed 67456K, reserved 1114112K
  class space    used 8763K, committed 9024K, reserved 1048576K
}
Event: 3770.881 GC heap after
{Heap after GC invocations=58 (full 0):
 garbage-first heap   total 102400K, used 29112K [0x0000000701e00000, 0x0000000800000000)
  region size 2048K, 1 young (2048K), 1 survivors (2048K)
 Metaspace       used 66905K, committed 67456K, reserved 1114112K
  class space    used 8763K, committed 9024K, reserved 1048576K
}
Event: 3772.089 GC heap before
{Heap before GC invocations=58 (full 0):
 garbage-first heap   total 102400K, used 84408K [0x0000000701e00000, 0x0000000800000000)
  region size 2048K, 29 young (59392K), 1 survivors (2048K)
 Metaspace       used 66907K, committed 67456K, reserved 1114112K
  class space    used 8763K, committed 9024K, reserved 1048576K
}
Event: 3772.090 GC heap after
{Heap after GC invocations=59 (full 0):
 garbage-first heap   total 102400K, used 29128K [0x0000000701e00000, 0x0000000800000000)
  region size 2048K, 1 young (2048K), 1 survivors (2048K)
 Metaspace       used 66907K, committed 67456K, reserved 1114112K
  class space    used 8763K, committed 9024K, reserved 1048576K
}
Event: 3773.384 GC heap before
{Heap before GC invocations=59 (full 0):
 garbage-first heap   total 102400K, used 84424K [0x0000000701e00000, 0x0000000800000000)
  region size 2048K, 29 young (59392K), 1 survivors (2048K)
 Metaspace       used 66910K, committed 67456K, reserved 1114112K
  class space    used 8763K, committed 9024K, reserved 1048576K
}
Event: 3773.384 GC heap after
{Heap after GC invocations=60 (full 0):
 garbage-first heap   total 102400K, used 29095K [0x0000000701e00000, 0x0000000800000000)
  region size 2048K, 1 young (2048K), 1 survivors (2048K)
 Metaspace       used 66910K, committed 67456K, reserved 1114112K
  class space    used 8763K, committed 9024K, reserved 1048576K
}
Event: 3775.172 GC heap before
{Heap before GC invocations=60 (full 0):
 garbage-first heap   total 102400K, used 84391K [0x0000000701e00000, 0x0000000800000000)
  region size 2048K, 29 young (59392K), 1 survivors (2048K)
 Metaspace       used 66912K, committed 67456K, reserved 1114112K
  class space    used 8764K, committed 9024K, reserved 1048576K
}
Event: 3775.173 GC heap after
{Heap after GC invocations=61 (full 0):
 garbage-first heap   total 102400K, used 29130K [0x0000000701e00000, 0x0000000800000000)
  region size 2048K, 1 young (2048K), 1 survivors (2048K)
 Metaspace       used 66912K, committed 67456K, reserved 1114112K
  class space    used 8764K, committed 9024K, reserved 1048576K
}
Event: 3776.336 GC heap before
{Heap before GC invocations=61 (full 0):
 garbage-first heap   total 102400K, used 84426K [0x0000000701e00000, 0x0000000800000000)
  region size 2048K, 29 young (59392K), 1 survivors (2048K)
 Metaspace       used 66912K, committed 67456K, reserved 1114112K
  class space    used 8764K, committed 9024K, reserved 1048576K
}
Event: 3776.337 GC heap after
{Heap after GC invocations=62 (full 0):
 garbage-first heap   total 102400K, used 29138K [0x0000000701e00000, 0x0000000800000000)
  region size 2048K, 1 young (2048K), 1 survivors (2048K)
 Metaspace       used 66912K, committed 67456K, reserved 1114112K
  class space    used 8764K, committed 9024K, reserved 1048576K
}
Event: 3777.572 GC heap before
{Heap before GC invocations=62 (full 0):
 garbage-first heap   total 102400K, used 84434K [0x0000000701e00000, 0x0000000800000000)
  region size 2048K, 29 young (59392K), 1 survivors (2048K)
 Metaspace       used 66912K, committed 67456K, reserved 1114112K
  class space    used 8764K, committed 9024K, reserved 1048576K
}
Event: 3777.573 GC heap after
{Heap after GC invocations=63 (full 0):
 garbage-first heap   total 102400K, used 29123K [0x0000000701e00000, 0x0000000800000000)
  region size 2048K, 1 young (2048K), 1 survivors (2048K)
 Metaspace       used 66912K, committed 67456K, reserved 1114112K
  class space    used 8764K, committed 9024K, reserved 1048576K
}
Event: 3778.851 GC heap before
{Heap before GC invocations=63 (full 0):
 garbage-first heap   total 102400K, used 84419K [0x0000000701e00000, 0x0000000800000000)
  region size 2048K, 29 young (59392K), 1 survivors (2048K)
 Metaspace       used 66912K, committed 67456K, reserved 1114112K
  class space    used 8764K, committed 9024K, reserved 1048576K
}
Event: 3778.852 GC heap after
{Heap after GC invocations=64 (full 0):
 garbage-first heap   total 102400K, used 29157K [0x0000000701e00000, 0x0000000800000000)
  region size 2048K, 1 young (2048K), 1 survivors (2048K)
 Metaspace       used 66912K, committed 67456K, reserved 1114112K
  class space    used 8764K, committed 9024K, reserved 1048576K
}
Event: 3780.020 GC heap before
{Heap before GC invocations=64 (full 0):
 garbage-first heap   total 102400K, used 84453K [0x0000000701e00000, 0x0000000800000000)
  region size 2048K, 29 young (59392K), 1 survivors (2048K)
 Metaspace       used 66912K, committed 67456K, reserved 1114112K
  class space    used 8764K, committed 9024K, reserved 1048576K
}
Event: 3780.021 GC heap after
{Heap after GC invocations=65 (full 0):
 garbage-first heap   total 102400K, used 29115K [0x0000000701e00000, 0x0000000800000000)
  region size 2048K, 1 young (2048K), 1 survivors (2048K)
 Metaspace       used 66912K, committed 67456K, reserved 1114112K
  class space    used 8764K, committed 9024K, reserved 1048576K
}
Event: 3781.071 GC heap before
{Heap before GC invocations=65 (full 0):
 garbage-first heap   total 102400K, used 84411K [0x0000000701e00000, 0x0000000800000000)
  region size 2048K, 29 young (59392K), 1 survivors (2048K)
 Metaspace       used 66912K, committed 67456K, reserved 1114112K
  class space    used 8764K, committed 9024K, reserved 1048576K
}
Event: 3781.072 GC heap after
{Heap after GC invocations=66 (full 0):
 garbage-first heap   total 102400K, used 29157K [0x0000000701e00000, 0x0000000800000000)
  region size 2048K, 1 young (2048K), 1 survivors (2048K)
 Metaspace       used 66912K, committed 67456K, reserved 1114112K
  class space    used 8764K, committed 9024K, reserved 1048576K
}

